app/build/outputs/mapping/release/usage.txt
com.example.ezusb.BuildConfig
com.example.ezusb.MainActivity:
    private static final int MAX_LINES
    private static final java.lang.String TAG
    public void logStr(byte[],int)
com.example.ezusb.R$dimen
com.example.ezusb.R$drawable
com.example.ezusb.R$id
com.example.ezusb.R$layout
com.example.ezusb.R$menu
com.example.ezusb.R$string
com.example.ezusb.R$style
com.example.ezusb.R$xml
com.example.ezusb.R
...
android.support.v4.app.NotificationCompat$NotificationCompatImplGingerbread
android.support.v4.app.NotificationCompat$NotificationCompatImplHoneycomb
android.support.v4.app.NotificationCompat$NotificationCompatImplIceCreamSandwich
android.support.v4.app.NotificationCompat$NotificationCompatImplJellybean
android.support.v4.app.NotificationCompat$Style
android.support.v4.app.NotificationCompat
android.support.v4.app.NotificationCompatGingerbread
android.support.v4.app.NotificationCompatHoneycomb
android.support.v4.app.NotificationCompatIceCreamSandwich
android.support.v4.app.NotificationCompatJellybean
android.support.v4.app.ServiceCompat
android.support.v4.app.ShareCompat$IntentBuilder
android.support.v4.app.ShareCompat$IntentReader
android.support.v4.app.ShareCompat$ShareCompatImpl
android.support.v4.app.ShareCompat$ShareCompatImplBase
android.support.v4.app.ShareCompat$ShareCompatImplICS
android.support.v4.app.ShareCompat$ShareCompatImplJB
android.support.v4.app.ShareCompat
android.support.v4.app.ShareCompatICS
android.support.v4.app.ShareCompatJB
android.support.v4.app.SuperNotCalledException
android.support.v4.app.TaskStackBuilder$SupportParentable
android.support.v4.app.TaskStackBuilder$TaskStackBuilderImpl
android.support.v4.app.TaskStackBuilder$TaskStackBuilderImplBase
android.support.v4.app.TaskStackBuilder$TaskStackBuilderImplHoneycomb
android.support.v4.app.TaskStackBuilder$TaskStackBuilderImplJellybean
android.support.v4.app.TaskStackBuilder
android.support.v4.app.TaskStackBuilderHoneycomb
android.support.v4.app.TaskStackBuilderJellybean
android.support.v4.content.AsyncTaskLoader$LoadTask
android.support.v4.content.AsyncTaskLoader
android.support.v4.content.ContextCompat
android.support.v4.content.ContextCompatFroyo
android.support.v4.content.ContextCompatHoneycomb
android.support.v4.content.ContextCompatJellybean
android.support.v4.content.ContextCompatKitKat
android.support.v4.content.CursorLoader
android.support.v4.content.FileProvider$PathStrategy
android.support.v4.content.FileProvider$SimplePathStrategy
android.support.v4.content.FileProvider
android.support.v4.content.IntentCompat$IntentCompatImpl
android.support.v4.content.IntentCompat$IntentCompatImplBase
android.support.v4.content.IntentCompat$IntentCompatImplHC
android.support.v4.content.IntentCompat$IntentCompatImplIcsMr1
android.support.v4.content.IntentCompat
android.support.v4.content.IntentCompatHoneycomb
android.support.v4.content.IntentCompatIcsMr1
android.support.v4.content.Loader$ForceLoadContentObserver
android.support.v4.content.Loader$OnLoadCompleteListener
android.support.v4.content.Loader
android.support.v4.content.LocalBroadcastManager$1
android.support.v4.content.LocalBroadcastManager$BroadcastRecord
android.support.v4.content.LocalBroadcastManager$ReceiverRecord
android.support.v4.content.LocalBroadcastManager
android.support.v4.content.ModernAsyncTask$1
android.support.v4.content.ModernAsyncTask$2
android.support.v4.content.ModernAsyncTask$3
android.support.v4.content.ModernAsyncTask$4
android.support.v4.content.ModernAsyncTask$AsyncTaskResult
android.support.v4.content.ModernAsyncTask$InternalHandler
android.support.v4.content.ModernAsyncTask$Status
android.support.v4.content.ModernAsyncTask$WorkerRunnable
android.support.v4.content.ModernAsyncTask
android.support.v4.content.WakefulBroadcastReceiver
android.support.v4.content.pm.ActivityInfoCompat
android.support.v4.database.DatabaseUtilsCompat
android.support.v4.graphics.drawable.DrawableCompat$BaseDrawableImpl
android.support.v4.graphics.drawable.DrawableCompat$DrawableImpl
android.support.v4.graphics.drawable.DrawableCompat$HoneycombDrawableImpl
android.support.v4.graphics.drawable.DrawableCompat$KitKatDrawableImpl
android.support.v4.graphics.drawable.DrawableCompat
android.support.v4.graphics.drawable.DrawableCompatHoneycomb
android.support.v4.graphics.drawable.DrawableCompatKitKat
android.support.v4.hardware.display.DisplayManagerCompat$JellybeanMr1Impl